# JRE version: Java(TM) SE Runtime Environment (8.0_60-b27) (build 1.8.0_60-b27)
# Java VM: Java HotSpot(TM) 64-Bit Server VM (25.60-b23 mixed mode windows-amd64 compressed oops)
Heap:
 PSYoungGen      total 478720K, used 152657K [0x00000000d5800000, 0x00000000f4e00000, 0x0000000100000000)
  eden space 447488K, 29% used [0x00000000d5800000,0x00000000dd8aa328,0x00000000f0d00000)
  from space 31232K, 66% used [0x00000000f2f80000,0x00000000f43ea130,0x00000000f4e00000)
  to   space 33280K, 0% used [0x00000000f0d00000,0x00000000f0d00000,0x00000000f2d80000)
 ParOldGen       total 105984K, used 32738K [0x0000000080800000, 0x0000000086f80000, 0x00000000d5800000)
  object space 105984K, 30% used [0x0000000080800000,0x00000000827f8838,0x0000000086f80000)
 Metaspace       used 54938K, capacity 55630K, committed 55936K, reserved 1097728K
  class space    used 6532K, capacity 6725K, committed 6784K, reserved 1048576K
GC Heap History (10 events):
Event: 34.418 GC heap before
{Heap before GC invocations=12 (full 2):
 PSYoungGen      total 297472K, used 297457K [0x00000000d5800000, 0x00000000eda80000, 0x0000000100000000)
  eden space 273920K, 100% used [0x00000000d5800000,0x00000000e6380000,0x00000000e6380000)
  from space 23552K, 99% used [0x00000000e6380000,0x00000000e7a7c768,0x00000000e7a80000)
  to   space 27648K, 0% used [0x00000000ebf80000,0x00000000ebf80000,0x00000000eda80000)
 ParOldGen       total 105984K, used 32698K [0x0000000080800000, 0x0000000086f80000, 0x00000000d5800000)
  object space 105984K, 30% used [0x0000000080800000,0x00000000827ee838,0x0000000086f80000)
 Metaspace       used 54009K, capacity 54734K, committed 54912K, reserved 1097728K
  class space    used 6528K, capacity 6725K, committed 6784K, reserved 1048576K
Event: 34.441 GC heap after
Heap after GC invocations=12 (full 2):
 PSYoungGen      total 355840K, used 23960K [0x00000000d5800000, 0x00000000ed700000, 0x0000000100000000)
  eden space 331776K, 0% used [0x00000000d5800000,0x00000000d5800000,0x00000000e9c00000)
  from space 24064K, 99% used [0x00000000ebf80000,0x00000000ed6e6170,0x00000000ed700000)
  to   space 30208K, 0% used [0x00000000e9c00000,0x00000000e9c00000,0x00000000eb980000)
 ParOldGen       total 105984K, used 32706K [0x0000000080800000, 0x0000000086f80000, 0x00000000d5800000)
  object space 105984K, 30% used [0x0000000080800000,0x00000000827f0838,0x0000000086f80000)
 Metaspace       used 54009K, capacity 54734K, committed 54912K, reserved 1097728K
  class space    used 6528K, capacity 6725K, committed 6784K, reserved 1048576K
}
Event: 40.279 GC heap before
{Heap before GC invocations=13 (full 2):
 PSYoungGen      total 355840K, used 355736K [0x00000000d5800000, 0x00000000ed700000, 0x0000000100000000)
  eden space 331776K, 100% used [0x00000000d5800000,0x00000000e9c00000,0x00000000e9c00000)
  from space 24064K, 99% used [0x00000000ebf80000,0x00000000ed6e6170,0x00000000ed700000)
  to   space 30208K, 0% used [0x00000000e9c00000,0x00000000e9c00000,0x00000000eb980000)
 ParOldGen       total 105984K, used 32706K [0x0000000080800000, 0x0000000086f80000, 0x00000000d5800000)
  object space 105984K, 30% used [0x0000000080800000,0x00000000827f0838,0x0000000086f80000)
 Metaspace       used 54600K, capacity 55310K, committed 55424K, reserved 1097728K
  class space    used 6529K, capacity 6725K, committed 6784K, reserved 1048576K
Event: 40.316 GC heap after
Heap after GC invocations=13 (full 2):
 PSYoungGen      total 361984K, used 19432K [0x00000000d5800000, 0x00000000f1580000, 0x0000000100000000)
  eden space 331776K, 0% used [0x00000000d5800000,0x00000000d5800000,0x00000000e9c00000)
  from space 30208K, 64% used [0x00000000e9c00000,0x00000000eaefa150,0x00000000eb980000)
  to   space 30720K, 0% used [0x00000000ef780000,0x00000000ef780000,0x00000000f1580000)
 ParOldGen       total 105984K, used 32714K [0x0000000080800000, 0x0000000086f80000, 0x00000000d5800000)
  object space 105984K, 30% used [0x0000000080800000,0x00000000827f2838,0x0000000086f80000)
 Metaspace       used 54600K, capacity 55310K, committed 55424K, reserved 1097728K
  class space    used 6529K, capacity 6725K, committed 6784K, reserved 1048576K
}
Event: 43.269 GC heap before
{Heap before GC invocations=14 (full 2):
 PSYoungGen      total 361984K, used 351208K [0x00000000d5800000, 0x00000000f1580000, 0x0000000100000000)
  eden space 331776K, 100% used [0x00000000d5800000,0x00000000e9c00000,0x00000000e9c00000)
  from space 30208K, 64% used [0x00000000e9c00000,0x00000000eaefa150,0x00000000eb980000)
  to   space 30720K, 0% used [0x00000000ef780000,0x00000000ef780000,0x00000000f1580000)
 ParOldGen       total 105984K, used 32714K [0x0000000080800000, 0x0000000086f80000, 0x00000000d5800000)
  object space 105984K, 30% used [0x0000000080800000,0x00000000827f2838,0x0000000086f80000)
 Metaspace       used 54907K, capacity 55566K, committed 55680K, reserved 1097728K
  class space    used 6529K, capacity 6725K, committed 6784K, reserved 1048576K
Event: 43.290 GC heap after
Heap after GC invocations=14 (full 2):
 PSYoungGen      total 417280K, used 23624K [0x00000000d5800000, 0x00000000f1300000, 0x0000000100000000)
  eden space 389120K, 0% used [0x00000000d5800000,0x00000000d5800000,0x00000000ed400000)
  from space 28160K, 83% used [0x00000000ef780000,0x00000000f0e92160,0x00000000f1300000)
  to   space 32256K, 0% used [0x00000000ed400000,0x00000000ed400000,0x00000000ef380000)
 ParOldGen       total 105984K, used 32722K [0x0000000080800000, 0x0000000086f80000, 0x00000000d5800000)
  object space 105984K, 30% used [0x0000000080800000,0x00000000827f4838,0x0000000086f80000)
 Metaspace       used 54907K, capacity 55566K, committed 55680K, reserved 1097728K
  class space    used 6529K, capacity 6725K, committed 6784K, reserved 1048576K
}
Event: 47.272 GC heap before
{Heap before GC invocations=15 (full 2):
 PSYoungGen      total 417280K, used 412744K [0x00000000d5800000, 0x00000000f1300000, 0x0000000100000000)
  eden space 389120K, 100% used [0x00000000d5800000,0x00000000ed400000,0x00000000ed400000)
  from space 28160K, 83% used [0x00000000ef780000,0x00000000f0e92160,0x00000000f1300000)
  to   space 32256K, 0% used [0x00000000ed400000,0x00000000ed400000,0x00000000ef380000)
 ParOldGen       total 105984K, used 32722K [0x0000000080800000, 0x0000000086f80000, 0x00000000d5800000)
  object space 105984K, 30% used [0x0000000080800000,0x00000000827f4838,0x0000000086f80000)
 Metaspace       used 54933K, capacity 55630K, committed 55936K, reserved 1097728K
  class space    used 6531K, capacity 6725K, committed 6784K, reserved 1048576K
Event: 47.296 GC heap after
Heap after GC invocations=15 (full 2):
 PSYoungGen      total 421376K, used 22888K [0x00000000d5800000, 0x00000000f5000000, 0x0000000100000000)
  eden space 389120K, 0% used [0x00000000d5800000,0x00000000d5800000,0x00000000ed400000)
  from space 32256K, 70% used [0x00000000ed400000,0x00000000eea5a160,0x00000000ef380000)
  to   space 33280K, 0% used [0x00000000f2f80000,0x00000000f2f80000,0x00000000f5000000)
 ParOldGen       total 105984K, used 32730K [0x0000000080800000, 0x0000000086f80000, 0x00000000d5800000)
  object space 105984K, 30% used [0x0000000080800000,0x00000000827f6838,0x0000000086f80000)
 Metaspace       used 54933K, capacity 55630K, committed 55936K, reserved 1097728K
  class space    used 6531K, capacity 6725K, committed 6784K, reserved 1048576K
}
Event: 50.162 GC heap before
{Heap before GC invocations=16 (full 2):
 PSYoungGen      total 421376K, used 412008K [0x00000000d5800000, 0x00000000f5000000, 0x0000000100000000)
  eden space 389120K, 100% used [0x00000000d5800000,0x00000000ed400000,0x00000000ed400000)
  from space 32256K, 70% used [0x00000000ed400000,0x00000000eea5a160,0x00000000ef380000)
  to   space 33280K, 0% used [0x00000000f2f80000,0x00000000f2f80000,0x00000000f5000000)
 ParOldGen       total 105984K, used 32730K [0x0000000080800000, 0x0000000086f80000, 0x00000000d5800000)
  object space 105984K, 30% used [0x0000000080800000,0x00000000827f6838,0x0000000086f80000)
 Metaspace       used 54938K, capacity 55630K, committed 55936K, reserved 1097728K
  class space    used 6532K, capacity 6725K, committed 6784K, reserved 1048576K
Event: 50.188 GC heap after
Heap after GC invocations=16 (full 2):
 PSYoungGen      total 478720K, used 20904K [0x00000000d5800000, 0x00000000f4e00000, 0x0000000100000000)
  eden space 447488K, 0% used [0x00000000d5800000,0x00000000d5800000,0x00000000f0d00000)
  from space 31232K, 66% used [0x00000000f2f80000,0x00000000f43ea130,0x00000000f4e00000)
  to   space 33280K, 0% used [0x00000000f0d00000,0x00000000f0d00000,0x00000000f2d80000)
 ParOldGen       total 105984K, used 32738K [0x0000000080800000, 0x0000000086f80000, 0x00000000d5800000)
  object space 105984K, 30% used [0x0000000080800000,0x00000000827f8838,0x0000000086f80000)
 Metaspace       used 54938K, capacity 55630K, committed 55936K, reserved 1097728K
  class space    used 6532K, capacity 6725K, committed 6784K, reserved 1048576K
}

